[    70.106] (--) Log file renamed from "/opt/odoo/.local/share/xorg/Xorg.pid-1833.log" to "/opt/odoo/.local/share/xorg/Xorg.0.log"
[    70.109] 
X.Org X Server 1.20.11
X Protocol Version 11, Revision 0
[    70.109] Build Operating System: linux Ubuntu
[    70.109] Current Operating System: Linux ernesto-VirtualBox 5.11.0-40-generic #44~20.04.2-Ubuntu SMP Tue Oct 26 18:07:44 UTC 2021 x86_64
[    70.109] Kernel command line: BOOT_IMAGE=/boot/vmlinuz-5.11.0-40-generic root=UUID=d0d8a92c-636f-4193-86f3-e608982fc793 ro quiet splash
[    70.110] Build Date: 06 July 2021  10:17:51AM
[    70.110] xorg-server 2:1.20.11-1ubuntu1~20.04.2 (For technical support please see http://www.ubuntu.com/support) 
[    70.110] Current version of pixman: 0.38.4
[    70.110] 	Before reporting problems, check http://wiki.x.org
	to make sure that you have the latest version.
[    70.110] Markers: (--) probed, (**) from config file, (==) default setting,
	(++) from command line, (!!) notice, (II) informational,
	(WW) warning, (EE) error, (NI) not implemented, (??) unknown.
[    70.110] (==) Log file: "/opt/odoo/.local/share/xorg/Xorg.0.log", Time: Wed Dec  1 14:58:56 2021
[    70.112] (==) Using system config directory "/usr/share/X11/xorg.conf.d"
[    70.112] (==) No Layout section.  Using the first Screen section.
[    70.112] (==) No screen section available. Using defaults.
[    70.112] (**) |-->Screen "Default Screen Section" (0)
[    70.113] (**) |   |-->Monitor "<default monitor>"
[    70.116] (==) No monitor specified for screen "Default Screen Section".
	Using a default monitor configuration.
[    70.117] (==) Automatically adding devices
[    70.117] (==) Automatically enabling devices
[    70.117] (==) Automatically adding GPU devices
[    70.117] (==) Automatically binding GPU devices
[    70.117] (==) Max clients allowed: 256, resource mask: 0x1fffff
[    70.117] (WW) The directory "/usr/share/fonts/X11/cyrillic" does not exist.
[    70.117] 	Entry deleted from font path.
[    70.117] (WW) The directory "/usr/share/fonts/X11/100dpi/" does not exist.
[    70.117] 	Entry deleted from font path.
[    70.117] (WW) The directory "/usr/share/fonts/X11/100dpi" does not exist.
[    70.118] 	Entry deleted from font path.
[    70.118] (==) FontPath set to:
	/usr/share/fonts/X11/misc,
	/usr/share/fonts/X11/75dpi/:unscaled,
	/usr/share/fonts/X11/Type1,
	/usr/share/fonts/X11/75dpi,
	built-ins
[    70.118] (==) ModulePath set to "/usr/lib/xorg/modules"
[    70.118] (II) The server relies on udev to provide the list of input devices.
	If no devices become available, reconfigure udev or disable AutoAddDevices.
[    70.118] (II) Loader magic: 0x55943efe6020
[    70.118] (II) Module ABI versions:
[    70.118] 	X.Org ANSI C Emulation: 0.4
[    70.118] 	X.Org Video Driver: 24.1
[    70.118] 	X.Org XInput driver : 24.1
[    70.119] 	X.Org Server Extension : 10.0
[    70.121] (++) using VT number 2

[    70.126] (II) systemd-logind: took control of session /org/freedesktop/login1/session/_34
[    70.133] (II) xfree86: Adding drm device (/dev/dri/card0)
[    70.135] (II) systemd-logind: got fd for /dev/dri/card0 226:0 fd 12 paused 0
[    70.141] (--) PCI:*(0@0:2:0) 15ad:0405:15ad:0405 rev 0, Mem @ 0xf0000000/16777216, 0xf1000000/2097152, I/O @ 0x0000d010/16, BIOS @ 0x????????/131072
[    70.142] (II) LoadModule: "glx"
[    70.142] (II) Loading /usr/lib/xorg/modules/extensions/libglx.so
[    70.148] (II) Module glx: vendor="X.Org Foundation"
[    70.148] 	compiled for 1.20.11, module version = 1.0.0
[    70.149] 	ABI class: X.Org Server Extension, version 10.0
[    70.149] (==) Matched vmware as autoconfigured driver 0
[    70.149] (==) Matched modesetting as autoconfigured driver 1
[    70.149] (==) Matched fbdev as autoconfigured driver 2
[    70.149] (==) Matched vesa as autoconfigured driver 3
[    70.149] (==) Assigned the driver to the xf86ConfigLayout
[    70.149] (II) LoadModule: "vmware"
[    70.149] (II) Loading /usr/lib/xorg/modules/drivers/vmware_drv.so
[    70.216] (II) Module vmware: vendor="X.Org Foundation"
[    70.216] 	compiled for 1.20.8, module version = 13.3.0
[    70.217] 	Module class: X.Org Video Driver
[    70.217] 	ABI class: X.Org Video Driver, version 24.1
[    70.217] (II) LoadModule: "modesetting"
[    70.217] (II) Loading /usr/lib/xorg/modules/drivers/modesetting_drv.so
[    70.217] (II) Module modesetting: vendor="X.Org Foundation"
[    70.217] 	compiled for 1.20.11, module version = 1.20.11
[    70.217] 	Module class: X.Org Video Driver
[    70.217] 	ABI class: X.Org Video Driver, version 24.1
[    70.217] (II) LoadModule: "fbdev"
[    70.217] (II) Loading /usr/lib/xorg/modules/drivers/fbdev_drv.so
[    70.217] (II) Module fbdev: vendor="X.Org Foundation"
[    70.217] 	compiled for 1.20.1, module version = 0.5.0
[    70.217] 	Module class: X.Org Video Driver
[    70.217] 	ABI class: X.Org Video Driver, version 24.0
[    70.217] (II) LoadModule: "vesa"
[    70.217] (II) Loading /usr/lib/xorg/modules/drivers/vesa_drv.so
[    70.217] (II) Module vesa: vendor="X.Org Foundation"
[    70.217] 	compiled for 1.20.4, module version = 2.4.0
[    70.217] 	Module class: X.Org Video Driver
[    70.217] 	ABI class: X.Org Video Driver, version 24.0
[    70.217] (II) vmware: driver for VMware SVGA: vmware0405, vmware0710
[    70.217] (II) modesetting: Driver for Modesetting Kernel Drivers: kms
[    70.217] (II) FBDEV: driver for framebuffer: fbdev
[    70.219] (II) VESA: driver for VESA chipsets: vesa
[    70.219] xf86EnableIOPorts: failed to set IOPL for I/O (Operation not permitted)
[    70.219] (WW) Falling back to old probe method for modesetting
[    70.219] (WW) Falling back to old probe method for fbdev
[    70.219] (II) Loading sub module "fbdevhw"
[    70.220] (II) LoadModule: "fbdevhw"
[    70.220] (II) Loading /usr/lib/xorg/modules/libfbdevhw.so
[    70.220] (II) Module fbdevhw: vendor="X.Org Foundation"
[    70.220] 	compiled for 1.20.11, module version = 0.0.2
[    70.220] 	ABI class: X.Org Video Driver, version 24.1
[    70.220] (EE) open /dev/fb0: Permission denied
[    70.220] (WW) VGA arbiter: cannot open kernel arbiter, no multi-card support
[    70.220] (II) vmware(0): Creating default Display subsection in Screen section
	"Default Screen Section" for depth/fbbpp 24/32
[    70.220] (--) vmware(0): DRM driver version is 2.18.0
[    70.220] (==) vmware(0): Depth 24, (--) framebuffer bpp 32
[    70.220] (==) vmware(0): RGB weight 888
[    70.220] (==) vmware(0): Default visual is TrueColor
[    70.220] (--) vmware(0): Min width 1, Max Width 8192.
[    70.220] (--) vmware(0): Min height 1, Max Height 8192.
[    70.220] (II) vmware(0): Output Virtual1 has no monitor section
[    70.220] (II) vmware(0): Output Virtual2 has no monitor section
[    70.220] (II) vmware(0): Output Virtual3 has no monitor section
[    70.220] (II) vmware(0): Output Virtual4 has no monitor section
[    70.220] (II) vmware(0): Output Virtual5 has no monitor section
[    70.220] (II) vmware(0): Output Virtual6 has no monitor section
[    70.220] (II) vmware(0): Output Virtual7 has no monitor section
[    70.220] (II) vmware(0): Output Virtual8 has no monitor section
[    70.220] (II) vmware(0): Printing probed modes for output Virtual1
[    70.220] (II) vmware(0): Modeline "800x600"x60.0   42.75  800 850 900 950  600 650 700 750 -hsync +vsync (45.0 kHz eP)
[    70.220] (II) vmware(0): Modeline "2560x1600"x60.0  348.50  2560 2752 3032 3504  1600 1603 1609 1658 -hsync +vsync (99.5 kHz e)
[    70.220] (II) vmware(0): Modeline "1920x1440"x60.0  234.00  1920 2048 2256 2600  1440 1441 1444 1500 -hsync +vsync (90.0 kHz e)
[    70.220] (II) vmware(0): Modeline "1856x1392"x60.0  218.25  1856 1952 2176 2528  1392 1393 1396 1439 -hsync +vsync (86.3 kHz e)
[    70.220] (II) vmware(0): Modeline "1792x1344"x60.0  204.75  1792 1920 2120 2448  1344 1345 1348 1394 -hsync +vsync (83.6 kHz e)
[    70.220] (II) vmware(0): Modeline "1920x1200"x59.9  193.25  1920 2056 2256 2592  1200 1203 1209 1245 -hsync +vsync (74.6 kHz e)
[    70.220] (II) vmware(0): Modeline "1600x1200"x60.0  162.00  1600 1664 1856 2160  1200 1201 1204 1250 +hsync +vsync (75.0 kHz e)
[    70.220] (II) vmware(0): Modeline "1680x1050"x60.0  146.25  1680 1784 1960 2240  1050 1053 1059 1089 -hsync +vsync (65.3 kHz e)
[    70.220] (II) vmware(0): Modeline "1400x1050"x60.0  121.75  1400 1488 1632 1864  1050 1053 1057 1089 -hsync +vsync (65.3 kHz e)
[    70.220] (II) vmware(0): Modeline "1280x1024"x60.0  108.00  1280 1328 1440 1688  1024 1025 1028 1066 +hsync +vsync (64.0 kHz e)
[    70.220] (II) vmware(0): Modeline "1440x900"x59.9  106.50  1440 1520 1672 1904  900 903 909 934 -hsync +vsync (55.9 kHz e)
[    70.220] (II) vmware(0): Modeline "1280x960"x60.0  108.00  1280 1376 1488 1800  960 961 964 1000 +hsync +vsync (60.0 kHz e)
[    70.220] (II) vmware(0): Modeline "1360x768"x60.0   85.50  1360 1424 1536 1792  768 771 777 795 +hsync +vsync (47.7 kHz e)
[    70.220] (II) vmware(0): Modeline "1280x800"x59.8   83.50  1280 1352 1480 1680  800 803 809 831 +hsync -vsync (49.7 kHz e)
[    70.220] (II) vmware(0): Modeline "1152x864"x75.0  108.00  1152 1216 1344 1600  864 865 868 900 +hsync +vsync (67.5 kHz e)
[    70.220] (II) vmware(0): Modeline "1280x768"x59.9   79.50  1280 1344 1472 1664  768 771 778 798 -hsync +vsync (47.8 kHz e)
[    70.220] (II) vmware(0): Modeline "1024x768"x60.0   65.00  1024 1048 1184 1344  768 771 777 806 -hsync -vsync (48.4 kHz e)
[    70.220] (II) vmware(0): Modeline "800x600"x60.3   40.00  800 840 968 1056  600 601 605 628 +hsync +vsync (37.9 kHz e)
[    70.220] (II) vmware(0): Modeline "640x480"x59.9   25.18  640 656 752 800  480 489 492 525 -hsync -vsync (31.5 kHz e)
[    70.220] (II) vmware(0): EDID for output Virtual2
[    70.220] (II) vmware(0): EDID for output Virtual3
[    70.220] (II) vmware(0): EDID for output Virtual4
[    70.220] (II) vmware(0): EDID for output Virtual5
[    70.220] (II) vmware(0): EDID for output Virtual6
[    70.220] (II) vmware(0): EDID for output Virtual7
[    70.220] (II) vmware(0): EDID for output Virtual8
[    70.220] (II) vmware(0): Output Virtual1 connected
[    70.220] (II) vmware(0): Output Virtual2 disconnected
[    70.220] (II) vmware(0): Output Virtual3 disconnected
[    70.220] (II) vmware(0): Output Virtual4 disconnected
[    70.220] (II) vmware(0): Output Virtual5 disconnected
[    70.220] (II) vmware(0): Output Virtual6 disconnected
[    70.220] (II) vmware(0): Output Virtual7 disconnected
[    70.220] (II) vmware(0): Output Virtual8 disconnected
[    70.220] (II) vmware(0): Using exact sizes for initial modes
[    70.220] (II) vmware(0): Output Virtual1 using initial mode 800x600 +0+0
[    70.220] (==) vmware(0): DPI set to (96, 96)
[    70.220] (==) vmware(0): Using gamma correction (1.0, 1.0, 1.0)
[    70.220] (II) Loading sub module "fb"
[    70.220] (II) LoadModule: "fb"
[    70.220] (II) Loading /usr/lib/xorg/modules/libfb.so
[    70.220] (II) Module fb: vendor="X.Org Foundation"
[    70.220] 	compiled for 1.20.11, module version = 1.0.0
[    70.220] 	ABI class: X.Org ANSI C Emulation, version 0.4
[    70.220] (II) Loading sub module "dri2"
[    70.220] (II) LoadModule: "dri2"
[    70.220] (II) Module "dri2" already built-in
[    70.220] (II) Loading sub module "dri3"
[    70.220] (II) LoadModule: "dri3"
[    70.220] (II) Module "dri3" already built-in
[    70.220] (II) UnloadModule: "modesetting"
[    70.220] (II) Unloading modesetting
[    70.220] (II) UnloadModule: "fbdev"
[    70.220] (II) Unloading fbdev
[    70.241] (II) UnloadSubModule: "fbdevhw"
[    70.241] (II) Unloading fbdevhw
[    70.242] (II) UnloadModule: "vesa"
[    70.242] (II) Unloading vesa
[    70.242] (II) vmware(0): Initialized VMWARE_CTRL extension version 0.2
[    70.243] (WW) vmware(0): Failed to initialize Gallium3D Xa. No render acceleration available.
[    70.243] (WW) vmware(0): Skipped initialization of direct rendering due to lack of render acceleration.
[    70.243] (--) vmware(0): Render acceleration is disabled.
[    70.243] (==) vmware(0): Rendercheck mode is disabled.
[    70.243] (--) vmware(0): Direct rendering (DRI2 3D) is disabled.
[    70.243] (--) vmware(0): Direct rendering (DRI3 3D) is disabled.
[    70.243] (==) vmware(0): Backing store enabled
[    70.243] (==) vmware(0): Silken mouse enabled
[    70.243] (==) vmware(0): DPMS enabled
[    70.243] (II) vmware(0): No 3D acceleration. Not setting up textured video.
[    70.243] (WW) vmware(0): Disabling Xv because no adaptors could be initialized.
[    70.243] (II) Initializing extension Generic Event Extension
[    70.244] (II) Initializing extension SHAPE
[    70.244] (II) Initializing extension MIT-SHM
[    70.244] (II) Initializing extension XInputExtension
[    70.244] (II) Initializing extension XTEST
[    70.244] (II) Initializing extension BIG-REQUESTS
[    70.244] (II) Initializing extension SYNC
[    70.244] (II) Initializing extension XKEYBOARD
[    70.244] (II) Initializing extension XC-MISC
[    70.244] (II) Initializing extension SECURITY
[    70.244] (II) Initializing extension XFIXES
[    70.244] (II) Initializing extension RENDER
[    70.244] (II) Initializing extension RANDR
[    70.244] (II) Initializing extension COMPOSITE
[    70.245] (II) Initializing extension DAMAGE
[    70.245] (II) Initializing extension MIT-SCREEN-SAVER
[    70.245] (II) Initializing extension DOUBLE-BUFFER
[    70.245] (II) Initializing extension RECORD
[    70.280] (II) Initializing extension DPMS
[    70.280] (II) Initializing extension Present
[    70.280] (II) Initializing extension DRI3
[    70.280] (II) Initializing extension X-Resource
[    70.280] (II) Initializing extension XVideo
[    70.281] (II) Initializing extension XVideo-MotionCompensation
[    70.281] (II) Initializing extension SELinux
[    70.281] (II) SELinux: Disabled on system
[    70.281] (II) Initializing extension GLX
[    70.282] (II) AIGLX: Screen 0 is not DRI2 capable
[    70.316] (II) IGLX: Loaded and initialized swrast
[    70.317] (II) GLX: Initialized DRISWRAST GL provider for screen 0
[    70.317] (II) Initializing extension XFree86-VidModeExtension
[    70.317] (II) Initializing extension XFree86-DGA
[    70.317] (II) Initializing extension XFree86-DRI
[    70.318] (II) Initializing extension DRI2
[    70.325] (II) vmware(0): Setting screen physical size to 211 x 158
[    70.470] (II) config/udev: Adding input device Power Button (/dev/input/event0)
[    70.473] (**) Power Button: Applying InputClass "libinput keyboard catchall"
[    70.473] (II) LoadModule: "libinput"
[    70.475] (II) Loading /usr/lib/xorg/modules/input/libinput_drv.so
[    70.483] (II) Module libinput: vendor="X.Org Foundation"
[    70.483] 	compiled for 1.20.4, module version = 0.29.0
[    70.484] 	Module class: X.Org XInput Driver
[    70.484] 	ABI class: X.Org XInput driver, version 24.1
[    70.484] (II) Using input driver 'libinput' for 'Power Button'
[    70.486] (II) systemd-logind: got fd for /dev/input/event0 13:64 fd 20 paused 0
[    70.486] (**) Power Button: always reports core events
[    70.486] (**) Option "Device" "/dev/input/event0"
[    70.486] (**) Option "_source" "server/udev"
[    70.494] (II) event0  - Power Button: is tagged by udev as: Keyboard
[    70.496] (II) event0  - Power Button: device is a keyboard
[    70.496] (II) event0  - Power Button: device removed
[    70.496] (**) Option "config_info" "udev:/sys/devices/LNXSYSTM:00/LNXPWRBN:00/input/input0/event0"
[    70.496] (II) XINPUT: Adding extended input device "Power Button" (type: KEYBOARD, id 6)
[    70.497] (**) Option "xkb_model" "pc105"
[    70.497] (**) Option "xkb_layout" "es"
[    70.562] (II) event0  - Power Button: is tagged by udev as: Keyboard
[    70.562] (II) event0  - Power Button: device is a keyboard
[    70.564] (II) config/udev: Adding input device Sleep Button (/dev/input/event1)
[    70.564] (**) Sleep Button: Applying InputClass "libinput keyboard catchall"
[    70.564] (II) Using input driver 'libinput' for 'Sleep Button'
[    70.566] (II) systemd-logind: got fd for /dev/input/event1 13:65 fd 23 paused 0
[    70.566] (**) Sleep Button: always reports core events
[    70.566] (**) Option "Device" "/dev/input/event1"
[    70.567] (**) Option "_source" "server/udev"
[    70.568] (II) event1  - Sleep Button: is tagged by udev as: Keyboard
[    70.569] (II) event1  - Sleep Button: device is a keyboard
[    70.569] (II) event1  - Sleep Button: device removed
[    70.569] (**) Option "config_info" "udev:/sys/devices/LNXSYSTM:00/LNXSLPBN:00/input/input1/event1"
[    70.570] (II) XINPUT: Adding extended input device "Sleep Button" (type: KEYBOARD, id 7)
[    70.570] (**) Option "xkb_model" "pc105"
[    70.570] (**) Option "xkb_layout" "es"
[    70.572] (II) event1  - Sleep Button: is tagged by udev as: Keyboard
[    70.573] (II) event1  - Sleep Button: device is a keyboard
[    70.575] (II) config/udev: Adding input device Video Bus (/dev/input/event3)
[    70.575] (**) Video Bus: Applying InputClass "libinput keyboard catchall"
[    70.575] (II) Using input driver 'libinput' for 'Video Bus'
[    70.578] (II) systemd-logind: got fd for /dev/input/event3 13:67 fd 24 paused 0
[    70.578] (**) Video Bus: always reports core events
[    70.578] (**) Option "Device" "/dev/input/event3"
[    70.578] (**) Option "_source" "server/udev"
[    70.581] (II) event3  - Video Bus: is tagged by udev as: Keyboard
[    70.581] (II) event3  - Video Bus: device is a keyboard
[    70.581] (II) event3  - Video Bus: device removed
[    70.581] (**) Option "config_info" "udev:/sys/devices/LNXSYSTM:00/LNXSYBUS:00/PNP0A03:00/LNXVIDEO:00/input/input5/event3"
[    70.581] (II) XINPUT: Adding extended input device "Video Bus" (type: KEYBOARD, id 8)
[    70.581] (**) Option "xkb_model" "pc105"
[    70.581] (**) Option "xkb_layout" "es"
[    70.584] (II) event3  - Video Bus: is tagged by udev as: Keyboard
[    70.585] (II) event3  - Video Bus: device is a keyboard
[    70.594] (II) config/udev: Adding input device VirtualBox mouse integration (/dev/input/event6)
[    70.594] (**) VirtualBox mouse integration: Applying InputClass "libinput pointer catchall"
[    70.594] (II) Using input driver 'libinput' for 'VirtualBox mouse integration'
[    70.596] (II) systemd-logind: got fd for /dev/input/event6 13:70 fd 25 paused 0
[    70.598] (**) VirtualBox mouse integration: always reports core events
[    70.598] (**) Option "Device" "/dev/input/event6"
[    70.598] (**) Option "_source" "server/udev"
[    70.600] (II) event6  - VirtualBox mouse integration: is tagged by udev as: Mouse
[    70.606] (II) event6  - VirtualBox mouse integration: device is a pointer
[    70.606] (II) event6  - VirtualBox mouse integration: device removed
[    70.606] (**) Option "config_info" "udev:/sys/devices/pci0000:00/0000:00:04.0/input/input7/event6"
[    70.607] (II) XINPUT: Adding extended input device "VirtualBox mouse integration" (type: MOUSE, id 9)
[    70.607] (**) Option "AccelerationScheme" "none"
[    70.608] (**) VirtualBox mouse integration: (accel) selected scheme none/0
[    70.608] (**) VirtualBox mouse integration: (accel) acceleration factor: 2.000
[    70.608] (**) VirtualBox mouse integration: (accel) acceleration threshold: 4
[    70.610] (II) event6  - VirtualBox mouse integration: is tagged by udev as: Mouse
[    70.612] (II) event6  - VirtualBox mouse integration: device is a pointer
[    70.613] (II) config/udev: Adding input device VirtualBox mouse integration (/dev/input/js1)
[    70.613] (II) No input driver specified, ignoring this device.
[    70.613] (II) This device may have been added with another device file.
[    70.615] (II) config/udev: Adding input device VirtualBox mouse integration (/dev/input/mouse2)
[    70.615] (II) No input driver specified, ignoring this device.
[    70.615] (II) This device may have been added with another device file.
[    70.617] (II) config/udev: Adding input device VirtualBox USB Tablet (/dev/input/event5)
[    70.618] (**) VirtualBox USB Tablet: Applying InputClass "libinput pointer catchall"
[    70.619] (II) Using input driver 'libinput' for 'VirtualBox USB Tablet'
[    70.678] (II) systemd-logind: got fd for /dev/input/event5 13:69 fd 26 paused 0
[    70.678] (**) VirtualBox USB Tablet: always reports core events
[    70.678] (**) Option "Device" "/dev/input/event5"
[    70.678] (**) Option "_source" "server/udev"
[    70.680] (II) event5  - VirtualBox USB Tablet: is tagged by udev as: Mouse
[    70.681] (II) event5  - VirtualBox USB Tablet: device is a pointer
[    70.681] (II) event5  - VirtualBox USB Tablet: device removed
[    70.681] (**) Option "config_info" "udev:/sys/devices/pci0000:00/0000:00:06.0/usb1/1-1/1-1:1.0/0003:80EE:0021.0001/input/input6/event5"
[    70.681] (II) XINPUT: Adding extended input device "VirtualBox USB Tablet" (type: MOUSE, id 10)
[    70.681] (**) Option "AccelerationScheme" "none"
[    70.681] (**) VirtualBox USB Tablet: (accel) selected scheme none/0
[    70.681] (**) VirtualBox USB Tablet: (accel) acceleration factor: 2.000
[    70.681] (**) VirtualBox USB Tablet: (accel) acceleration threshold: 4
[    70.688] (II) event5  - VirtualBox USB Tablet: is tagged by udev as: Mouse
[    70.688] (II) event5  - VirtualBox USB Tablet: device is a pointer
[    70.693] (II) config/udev: Adding input device VirtualBox USB Tablet (/dev/input/js0)
[    70.694] (II) No input driver specified, ignoring this device.
[    70.694] (II) This device may have been added with another device file.
[    70.697] (II) config/udev: Adding input device VirtualBox USB Tablet (/dev/input/mouse1)
[    70.700] (II) No input driver specified, ignoring this device.
[    70.701] (II) This device may have been added with another device file.
[    70.703] (II) config/udev: Adding input device AT Translated Set 2 keyboard (/dev/input/event2)
[    70.703] (**) AT Translated Set 2 keyboard: Applying InputClass "libinput keyboard catchall"
[    70.703] (II) Using input driver 'libinput' for 'AT Translated Set 2 keyboard'
[    70.704] (II) systemd-logind: got fd for /dev/input/event2 13:66 fd 27 paused 0
[    70.704] (**) AT Translated Set 2 keyboard: always reports core events
[    70.705] (**) Option "Device" "/dev/input/event2"
[    70.705] (**) Option "_source" "server/udev"
[    70.708] (II) event2  - AT Translated Set 2 keyboard: is tagged by udev as: Keyboard
[    70.708] (II) event2  - AT Translated Set 2 keyboard: device is a keyboard
[    70.709] (II) event2  - AT Translated Set 2 keyboard: device removed
[    70.709] (**) Option "config_info" "udev:/sys/devices/platform/i8042/serio0/input/input2/event2"
[    70.709] (II) XINPUT: Adding extended input device "AT Translated Set 2 keyboard" (type: KEYBOARD, id 11)
[    70.709] (**) Option "xkb_model" "pc105"
[    70.709] (**) Option "xkb_layout" "es"
[    70.714] (II) event2  - AT Translated Set 2 keyboard: is tagged by udev as: Keyboard
[    70.715] (II) event2  - AT Translated Set 2 keyboard: device is a keyboard
[    70.722] (II) config/udev: Adding input device ImExPS/2 Generic Explorer Mouse (/dev/input/event4)
[    70.722] (**) ImExPS/2 Generic Explorer Mouse: Applying InputClass "libinput pointer catchall"
[    70.722] (II) Using input driver 'libinput' for 'ImExPS/2 Generic Explorer Mouse'
[    70.724] (II) systemd-logind: got fd for /dev/input/event4 13:68 fd 28 paused 0
[    70.724] (**) ImExPS/2 Generic Explorer Mouse: always reports core events
[    70.724] (**) Option "Device" "/dev/input/event4"
[    70.724] (**) Option "_source" "server/udev"
[    70.726] (II) event4  - ImExPS/2 Generic Explorer Mouse: is tagged by udev as: Mouse
[    70.727] (II) event4  - ImExPS/2 Generic Explorer Mouse: device is a pointer
[    70.728] (II) event4  - ImExPS/2 Generic Explorer Mouse: device removed
[    70.728] (**) Option "config_info" "udev:/sys/devices/platform/i8042/serio1/input/input4/event4"
[    70.728] (II) XINPUT: Adding extended input device "ImExPS/2 Generic Explorer Mouse" (type: MOUSE, id 12)
[    70.728] (**) Option "AccelerationScheme" "none"
[    70.729] (**) ImExPS/2 Generic Explorer Mouse: (accel) selected scheme none/0
[    70.729] (**) ImExPS/2 Generic Explorer Mouse: (accel) acceleration factor: 2.000
[    70.729] (**) ImExPS/2 Generic Explorer Mouse: (accel) acceleration threshold: 4
[    70.732] (II) event4  - ImExPS/2 Generic Explorer Mouse: is tagged by udev as: Mouse
[    70.732] (II) event4  - ImExPS/2 Generic Explorer Mouse: device is a pointer
[    70.735] (II) config/udev: Adding input device ImExPS/2 Generic Explorer Mouse (/dev/input/mouse0)
[    70.735] (II) No input driver specified, ignoring this device.
[    70.736] (II) This device may have been added with another device file.
[    71.656] (EE) No surface to present from.
