[    32.966] _XSERVTransSocketUNIXCreateListener: ...SocketCreateListener() failed
[    32.966] _XSERVTransMakeAllCOTSServerListeners: server already running
[    32.967] (--) Log file renamed from "/opt/odoo/.local/share/xorg/Xorg.pid-1832.log" to "/opt/odoo/.local/share/xorg/Xorg.1.log"
[    32.968] 
X.Org X Server 1.20.11
X Protocol Version 11, Revision 0
[    32.969] Build Operating System: linux Ubuntu
[    32.970] Current Operating System: Linux ernesto-VirtualBox 5.11.0-40-generic #44~20.04.2-Ubuntu SMP Tue Oct 26 18:07:44 UTC 2021 x86_64
[    32.970] Kernel command line: BOOT_IMAGE=/boot/vmlinuz-5.11.0-40-generic root=UUID=d0d8a92c-636f-4193-86f3-e608982fc793 ro quiet splash
[    32.975] Build Date: 06 July 2021  10:17:51AM
[    32.975] xorg-server 2:1.20.11-1ubuntu1~20.04.2 (For technical support please see http://www.ubuntu.com/support) 
[    32.975] Current version of pixman: 0.38.4
[    32.975] 	Before reporting problems, check http://wiki.x.org
	to make sure that you have the latest version.
[    32.975] Markers: (--) probed, (**) from config file, (==) default setting,
	(++) from command line, (!!) notice, (II) informational,
	(WW) warning, (EE) error, (NI) not implemented, (??) unknown.
[    32.976] (==) Log file: "/opt/odoo/.local/share/xorg/Xorg.1.log", Time: Fri Dec  3 16:54:12 2021
[    32.976] (==) Using system config directory "/usr/share/X11/xorg.conf.d"
[    32.976] (==) No Layout section.  Using the first Screen section.
[    32.976] (==) No screen section available. Using defaults.
[    32.976] (**) |-->Screen "Default Screen Section" (0)
[    32.976] (**) |   |-->Monitor "<default monitor>"
[    32.979] (==) No monitor specified for screen "Default Screen Section".
	Using a default monitor configuration.
[    32.979] (==) Automatically adding devices
[    32.979] (==) Automatically enabling devices
[    32.979] (==) Automatically adding GPU devices
[    32.979] (==) Automatically binding GPU devices
[    32.979] (==) Max clients allowed: 256, resource mask: 0x1fffff
[    32.979] (WW) The directory "/usr/share/fonts/X11/cyrillic" does not exist.
[    32.979] 	Entry deleted from font path.
[    32.979] (WW) The directory "/usr/share/fonts/X11/100dpi/" does not exist.
[    32.979] 	Entry deleted from font path.
[    32.979] (WW) The directory "/usr/share/fonts/X11/100dpi" does not exist.
[    32.980] 	Entry deleted from font path.
[    32.980] (==) FontPath set to:
	/usr/share/fonts/X11/misc,
	/usr/share/fonts/X11/75dpi/:unscaled,
	/usr/share/fonts/X11/Type1,
	/usr/share/fonts/X11/75dpi,
	built-ins
[    32.980] (==) ModulePath set to "/usr/lib/xorg/modules"
[    32.980] (II) The server relies on udev to provide the list of input devices.
	If no devices become available, reconfigure udev or disable AutoAddDevices.
[    32.980] (II) Loader magic: 0x55bab45d8020
[    32.980] (II) Module ABI versions:
[    32.980] 	X.Org ANSI C Emulation: 0.4
[    32.980] 	X.Org Video Driver: 24.1
[    32.980] 	X.Org XInput driver : 24.1
[    32.980] 	X.Org Server Extension : 10.0
[    32.981] (++) using VT number 3

[    32.984] (II) systemd-logind: took control of session /org/freedesktop/login1/session/_34
[    32.984] (II) xfree86: Adding drm device (/dev/dri/card0)
[    32.985] (II) systemd-logind: got fd for /dev/dri/card0 226:0 fd 13 paused 0
[    32.988] (--) PCI:*(0@0:2:0) 15ad:0405:15ad:0405 rev 0, Mem @ 0xe0000000/16777216, 0xf0000000/2097152, I/O @ 0x0000d010/16, BIOS @ 0x????????/131072
[    32.988] (II) LoadModule: "glx"
[    32.989] (II) Loading /usr/lib/xorg/modules/extensions/libglx.so
[    32.990] (II) Module glx: vendor="X.Org Foundation"
[    32.990] 	compiled for 1.20.11, module version = 1.0.0
[    32.990] 	ABI class: X.Org Server Extension, version 10.0
[    32.990] (==) Matched vmware as autoconfigured driver 0
[    32.990] (==) Matched modesetting as autoconfigured driver 1
[    32.990] (==) Matched fbdev as autoconfigured driver 2
[    32.990] (==) Matched vesa as autoconfigured driver 3
[    32.990] (==) Assigned the driver to the xf86ConfigLayout
[    32.990] (II) LoadModule: "vmware"
[    32.990] (II) Loading /usr/lib/xorg/modules/drivers/vmware_drv.so
[    33.025] (II) Module vmware: vendor="X.Org Foundation"
[    33.025] 	compiled for 1.20.8, module version = 13.3.0
[    33.025] 	Module class: X.Org Video Driver
[    33.025] 	ABI class: X.Org Video Driver, version 24.1
[    33.025] (II) LoadModule: "modesetting"
[    33.025] (II) Loading /usr/lib/xorg/modules/drivers/modesetting_drv.so
[    33.026] (II) Module modesetting: vendor="X.Org Foundation"
[    33.026] 	compiled for 1.20.11, module version = 1.20.11
[    33.026] 	Module class: X.Org Video Driver
[    33.026] 	ABI class: X.Org Video Driver, version 24.1
[    33.026] (II) LoadModule: "fbdev"
[    33.026] (II) Loading /usr/lib/xorg/modules/drivers/fbdev_drv.so
[    33.027] (II) Module fbdev: vendor="X.Org Foundation"
[    33.027] 	compiled for 1.20.1, module version = 0.5.0
[    33.027] 	Module class: X.Org Video Driver
[    33.027] 	ABI class: X.Org Video Driver, version 24.0
[    33.027] (II) LoadModule: "vesa"
[    33.027] (II) Loading /usr/lib/xorg/modules/drivers/vesa_drv.so
[    33.027] (II) Module vesa: vendor="X.Org Foundation"
[    33.027] 	compiled for 1.20.4, module version = 2.4.0
[    33.028] 	Module class: X.Org Video Driver
[    33.028] 	ABI class: X.Org Video Driver, version 24.0
[    33.028] (II) vmware: driver for VMware SVGA: vmware0405, vmware0710
[    33.028] (II) modesetting: Driver for Modesetting Kernel Drivers: kms
[    33.028] (II) FBDEV: driver for framebuffer: fbdev
[    33.028] (II) VESA: driver for VESA chipsets: vesa
[    33.029] xf86EnableIOPorts: failed to set IOPL for I/O (Operation not permitted)
[    33.029] (WW) Falling back to old probe method for modesetting
[    33.029] (WW) Falling back to old probe method for fbdev
[    33.029] (II) Loading sub module "fbdevhw"
[    33.029] (II) LoadModule: "fbdevhw"
[    33.030] (II) Loading /usr/lib/xorg/modules/libfbdevhw.so
[    33.030] (II) Module fbdevhw: vendor="X.Org Foundation"
[    33.030] 	compiled for 1.20.11, module version = 0.0.2
[    33.030] 	ABI class: X.Org Video Driver, version 24.1
[    33.030] (EE) open /dev/fb0: Permission denied
[    33.030] (WW) VGA arbiter: cannot open kernel arbiter, no multi-card support
[    33.030] (II) vmware(0): Creating default Display subsection in Screen section
	"Default Screen Section" for depth/fbbpp 24/32
[    33.031] (--) vmware(0): DRM driver version is 2.18.0
[    33.031] (==) vmware(0): Depth 24, (--) framebuffer bpp 32
[    33.031] (==) vmware(0): RGB weight 888
[    33.031] (==) vmware(0): Default visual is TrueColor
[    33.031] (--) vmware(0): Min width 1, Max Width 8192.
[    33.031] (--) vmware(0): Min height 1, Max Height 8192.
[    33.031] (II) vmware(0): Output Virtual1 has no monitor section
[    33.032] (II) vmware(0): Output Virtual2 has no monitor section
[    33.032] (II) vmware(0): Output Virtual3 has no monitor section
[    33.032] (II) vmware(0): Output Virtual4 has no monitor section
[    33.032] (II) vmware(0): Output Virtual5 has no monitor section
[    33.032] (II) vmware(0): Output Virtual6 has no monitor section
[    33.032] (II) vmware(0): Output Virtual7 has no monitor section
[    33.032] (II) vmware(0): Output Virtual8 has no monitor section
[    33.032] (II) vmware(0): Printing probed modes for output Virtual1
[    33.032] (II) vmware(0): Modeline "800x600"x60.0   42.75  800 850 900 950  600 650 700 750 -hsync +vsync (45.0 kHz eP)
[    33.033] (II) vmware(0): Modeline "2560x1600"x60.0  348.50  2560 2752 3032 3504  1600 1603 1609 1658 -hsync +vsync (99.5 kHz e)
[    33.033] (II) vmware(0): Modeline "1920x1440"x60.0  234.00  1920 2048 2256 2600  1440 1441 1444 1500 -hsync +vsync (90.0 kHz e)
[    33.033] (II) vmware(0): Modeline "1856x1392"x60.0  218.25  1856 1952 2176 2528  1392 1393 1396 1439 -hsync +vsync (86.3 kHz e)
[    33.033] (II) vmware(0): Modeline "1792x1344"x60.0  204.75  1792 1920 2120 2448  1344 1345 1348 1394 -hsync +vsync (83.6 kHz e)
[    33.033] (II) vmware(0): Modeline "1920x1200"x59.9  193.25  1920 2056 2256 2592  1200 1203 1209 1245 -hsync +vsync (74.6 kHz e)
[    33.033] (II) vmware(0): Modeline "1600x1200"x60.0  162.00  1600 1664 1856 2160  1200 1201 1204 1250 +hsync +vsync (75.0 kHz e)
[    33.033] (II) vmware(0): Modeline "1680x1050"x60.0  146.25  1680 1784 1960 2240  1050 1053 1059 1089 -hsync +vsync (65.3 kHz e)
[    33.033] (II) vmware(0): Modeline "1400x1050"x60.0  121.75  1400 1488 1632 1864  1050 1053 1057 1089 -hsync +vsync (65.3 kHz e)
[    33.033] (II) vmware(0): Modeline "1280x1024"x60.0  108.00  1280 1328 1440 1688  1024 1025 1028 1066 +hsync +vsync (64.0 kHz e)
[    33.033] (II) vmware(0): Modeline "1440x900"x59.9  106.50  1440 1520 1672 1904  900 903 909 934 -hsync +vsync (55.9 kHz e)
[    33.034] (II) vmware(0): Modeline "1280x960"x60.0  108.00  1280 1376 1488 1800  960 961 964 1000 +hsync +vsync (60.0 kHz e)
[    33.034] (II) vmware(0): Modeline "1360x768"x60.0   85.50  1360 1424 1536 1792  768 771 777 795 +hsync +vsync (47.7 kHz e)
[    33.034] (II) vmware(0): Modeline "1280x800"x59.8   83.50  1280 1352 1480 1680  800 803 809 831 +hsync -vsync (49.7 kHz e)
[    33.034] (II) vmware(0): Modeline "1152x864"x75.0  108.00  1152 1216 1344 1600  864 865 868 900 +hsync +vsync (67.5 kHz e)
[    33.034] (II) vmware(0): Modeline "1280x768"x59.9   79.50  1280 1344 1472 1664  768 771 778 798 -hsync +vsync (47.8 kHz e)
[    33.034] (II) vmware(0): Modeline "1024x768"x60.0   65.00  1024 1048 1184 1344  768 771 777 806 -hsync -vsync (48.4 kHz e)
[    33.034] (II) vmware(0): Modeline "800x600"x60.3   40.00  800 840 968 1056  600 601 605 628 +hsync +vsync (37.9 kHz e)
[    33.034] (II) vmware(0): Modeline "640x480"x59.9   25.18  640 656 752 800  480 489 492 525 -hsync -vsync (31.5 kHz e)
[    33.034] (II) vmware(0): EDID for output Virtual2
[    33.034] (II) vmware(0): EDID for output Virtual3
[    33.034] (II) vmware(0): EDID for output Virtual4
[    33.035] (II) vmware(0): EDID for output Virtual5
[    33.035] (II) vmware(0): EDID for output Virtual6
[    33.035] (II) vmware(0): EDID for output Virtual7
[    33.035] (II) vmware(0): EDID for output Virtual8
[    33.035] (II) vmware(0): Output Virtual1 connected
[    33.035] (II) vmware(0): Output Virtual2 disconnected
[    33.035] (II) vmware(0): Output Virtual3 disconnected
[    33.035] (II) vmware(0): Output Virtual4 disconnected
[    33.035] (II) vmware(0): Output Virtual5 disconnected
[    33.035] (II) vmware(0): Output Virtual6 disconnected
[    33.036] (II) vmware(0): Output Virtual7 disconnected
[    33.036] (II) vmware(0): Output Virtual8 disconnected
[    33.036] (II) vmware(0): Using exact sizes for initial modes
[    33.036] (II) vmware(0): Output Virtual1 using initial mode 800x600 +0+0
[    33.036] (==) vmware(0): DPI set to (96, 96)
[    33.036] (==) vmware(0): Using gamma correction (1.0, 1.0, 1.0)
[    33.036] (II) Loading sub module "fb"
[    33.036] (II) LoadModule: "fb"
[    33.036] (II) Loading /usr/lib/xorg/modules/libfb.so
[    33.037] (II) Module fb: vendor="X.Org Foundation"
[    33.037] 	compiled for 1.20.11, module version = 1.0.0
[    33.037] 	ABI class: X.Org ANSI C Emulation, version 0.4
[    33.037] (II) Loading sub module "dri2"
[    33.037] (II) LoadModule: "dri2"
[    33.038] (II) Module "dri2" already built-in
[    33.038] (II) Loading sub module "dri3"
[    33.038] (II) LoadModule: "dri3"
[    33.038] (II) Module "dri3" already built-in
[    33.038] (II) UnloadModule: "modesetting"
[    33.038] (II) Unloading modesetting
[    33.038] (II) UnloadModule: "fbdev"
[    33.038] (II) Unloading fbdev
[    33.038] (II) UnloadSubModule: "fbdevhw"
[    33.038] (II) Unloading fbdevhw
[    33.038] (II) UnloadModule: "vesa"
[    33.038] (II) Unloading vesa
[    33.038] (II) vmware(0): Initialized VMWARE_CTRL extension version 0.2
[    33.043] (WW) vmware(0): Failed to initialize Gallium3D Xa. No render acceleration available.
[    33.043] (WW) vmware(0): Skipped initialization of direct rendering due to lack of render acceleration.
[    33.043] (--) vmware(0): Render acceleration is disabled.
[    33.043] (==) vmware(0): Rendercheck mode is disabled.
[    33.043] (--) vmware(0): Direct rendering (DRI2 3D) is disabled.
[    33.043] (--) vmware(0): Direct rendering (DRI3 3D) is disabled.
[    33.043] (==) vmware(0): Backing store enabled
[    33.043] (==) vmware(0): Silken mouse enabled
[    33.044] (==) vmware(0): DPMS enabled
[    33.044] (II) vmware(0): No 3D acceleration. Not setting up textured video.
[    33.044] (WW) vmware(0): Disabling Xv because no adaptors could be initialized.
[    33.044] (II) Initializing extension Generic Event Extension
[    33.045] (II) Initializing extension SHAPE
[    33.045] (II) Initializing extension MIT-SHM
[    33.045] (II) Initializing extension XInputExtension
[    33.046] (II) Initializing extension XTEST
[    33.046] (II) Initializing extension BIG-REQUESTS
[    33.046] (II) Initializing extension SYNC
[    33.046] (II) Initializing extension XKEYBOARD
[    33.046] (II) Initializing extension XC-MISC
[    33.046] (II) Initializing extension SECURITY
[    33.047] (II) Initializing extension XFIXES
[    33.048] (II) Initializing extension RENDER
[    33.048] (II) Initializing extension RANDR
[    33.048] (II) Initializing extension COMPOSITE
[    33.049] (II) Initializing extension DAMAGE
[    33.049] (II) Initializing extension MIT-SCREEN-SAVER
[    33.049] (II) Initializing extension DOUBLE-BUFFER
[    33.050] (II) Initializing extension RECORD
[    33.050] (II) Initializing extension DPMS
[    33.050] (II) Initializing extension Present
[    33.050] (II) Initializing extension DRI3
[    33.050] (II) Initializing extension X-Resource
[    33.051] (II) Initializing extension XVideo
[    33.051] (II) Initializing extension XVideo-MotionCompensation
[    33.051] (II) Initializing extension SELinux
[    33.051] (II) SELinux: Disabled on system
[    33.051] (II) Initializing extension GLX
[    33.052] (II) AIGLX: Screen 0 is not DRI2 capable
[    33.066] (II) IGLX: Loaded and initialized swrast
[    33.066] (II) GLX: Initialized DRISWRAST GL provider for screen 0
[    33.067] (II) Initializing extension XFree86-VidModeExtension
[    33.067] (II) Initializing extension XFree86-DGA
[    33.067] (II) Initializing extension XFree86-DRI
[    33.067] (II) Initializing extension DRI2
[    33.072] (II) vmware(0): Setting screen physical size to 211 x 158
[    33.151] (II) config/udev: Adding input device Power Button (/dev/input/event0)
[    33.151] (**) Power Button: Applying InputClass "libinput keyboard catchall"
[    33.151] (II) LoadModule: "libinput"
[    33.151] (II) Loading /usr/lib/xorg/modules/input/libinput_drv.so
[    33.153] (II) Module libinput: vendor="X.Org Foundation"
[    33.153] 	compiled for 1.20.4, module version = 0.29.0
[    33.153] 	Module class: X.Org XInput Driver
[    33.153] 	ABI class: X.Org XInput driver, version 24.1
[    33.154] (II) Using input driver 'libinput' for 'Power Button'
[    33.154] (II) systemd-logind: got fd for /dev/input/event0 13:64 fd 21 paused 0
[    33.154] (**) Power Button: always reports core events
[    33.155] (**) Option "Device" "/dev/input/event0"
[    33.155] (**) Option "_source" "server/udev"
[    33.157] (II) event0  - Power Button: is tagged by udev as: Keyboard
[    33.157] (II) event0  - Power Button: device is a keyboard
[    33.157] (II) event0  - Power Button: device removed
[    33.157] (**) Option "config_info" "udev:/sys/devices/LNXSYSTM:00/LNXPWRBN:00/input/input0/event0"
[    33.157] (II) XINPUT: Adding extended input device "Power Button" (type: KEYBOARD, id 6)
[    33.157] (**) Option "xkb_model" "pc105"
[    33.158] (**) Option "xkb_layout" "es"
[    33.189] (II) event0  - Power Button: is tagged by udev as: Keyboard
[    33.189] (II) event0  - Power Button: device is a keyboard
[    33.190] (II) config/udev: Adding input device Sleep Button (/dev/input/event1)
[    33.190] (**) Sleep Button: Applying InputClass "libinput keyboard catchall"
[    33.190] (II) Using input driver 'libinput' for 'Sleep Button'
[    33.191] (II) systemd-logind: got fd for /dev/input/event1 13:65 fd 24 paused 0
[    33.192] (**) Sleep Button: always reports core events
[    33.192] (**) Option "Device" "/dev/input/event1"
[    33.192] (**) Option "_source" "server/udev"
[    33.193] (II) event1  - Sleep Button: is tagged by udev as: Keyboard
[    33.193] (II) event1  - Sleep Button: device is a keyboard
[    33.193] (II) event1  - Sleep Button: device removed
[    33.193] (**) Option "config_info" "udev:/sys/devices/LNXSYSTM:00/LNXSLPBN:00/input/input1/event1"
[    33.193] (II) XINPUT: Adding extended input device "Sleep Button" (type: KEYBOARD, id 7)
[    33.193] (**) Option "xkb_model" "pc105"
[    33.193] (**) Option "xkb_layout" "es"
[    33.195] (II) event1  - Sleep Button: is tagged by udev as: Keyboard
[    33.195] (II) event1  - Sleep Button: device is a keyboard
[    33.195] (II) config/udev: Adding input device Video Bus (/dev/input/event3)
[    33.195] (**) Video Bus: Applying InputClass "libinput keyboard catchall"
[    33.195] (II) Using input driver 'libinput' for 'Video Bus'
[    33.196] (II) systemd-logind: got fd for /dev/input/event3 13:67 fd 25 paused 0
[    33.197] (**) Video Bus: always reports core events
[    33.197] (**) Option "Device" "/dev/input/event3"
[    33.197] (**) Option "_source" "server/udev"
[    33.198] (II) event3  - Video Bus: is tagged by udev as: Keyboard
[    33.198] (II) event3  - Video Bus: device is a keyboard
[    33.198] (II) event3  - Video Bus: device removed
[    33.198] (**) Option "config_info" "udev:/sys/devices/LNXSYSTM:00/LNXSYBUS:00/PNP0A03:00/LNXVIDEO:00/input/input5/event3"
[    33.198] (II) XINPUT: Adding extended input device "Video Bus" (type: KEYBOARD, id 8)
[    33.198] (**) Option "xkb_model" "pc105"
[    33.198] (**) Option "xkb_layout" "es"
[    33.200] (II) event3  - Video Bus: is tagged by udev as: Keyboard
[    33.200] (II) event3  - Video Bus: device is a keyboard
[    33.201] (II) config/udev: Adding input device VirtualBox mouse integration (/dev/input/event5)
[    33.201] (**) VirtualBox mouse integration: Applying InputClass "libinput pointer catchall"
[    33.201] (II) Using input driver 'libinput' for 'VirtualBox mouse integration'
[    33.202] (II) systemd-logind: got fd for /dev/input/event5 13:69 fd 26 paused 0
[    33.202] (**) VirtualBox mouse integration: always reports core events
[    33.202] (**) Option "Device" "/dev/input/event5"
[    33.202] (**) Option "_source" "server/udev"
[    33.203] (II) event5  - VirtualBox mouse integration: is tagged by udev as: Mouse
[    33.204] (II) event5  - VirtualBox mouse integration: device is a pointer
[    33.204] (II) event5  - VirtualBox mouse integration: device removed
[    33.204] (**) Option "config_info" "udev:/sys/devices/pci0000:00/0000:00:04.0/input/input6/event5"
[    33.204] (II) XINPUT: Adding extended input device "VirtualBox mouse integration" (type: MOUSE, id 9)
[    33.204] (**) Option "AccelerationScheme" "none"
[    33.204] (**) VirtualBox mouse integration: (accel) selected scheme none/0
[    33.204] (**) VirtualBox mouse integration: (accel) acceleration factor: 2.000
[    33.204] (**) VirtualBox mouse integration: (accel) acceleration threshold: 4
[    33.205] (II) event5  - VirtualBox mouse integration: is tagged by udev as: Mouse
[    33.205] (II) event5  - VirtualBox mouse integration: device is a pointer
[    33.206] (II) config/udev: Adding input device VirtualBox mouse integration (/dev/input/js0)
[    33.206] (II) No input driver specified, ignoring this device.
[    33.206] (II) This device may have been added with another device file.
[    33.206] (II) config/udev: Adding input device VirtualBox mouse integration (/dev/input/mouse1)
[    33.207] (II) No input driver specified, ignoring this device.
[    33.207] (II) This device may have been added with another device file.
[    33.207] (II) config/udev: Adding input device AT Translated Set 2 keyboard (/dev/input/event2)
[    33.207] (**) AT Translated Set 2 keyboard: Applying InputClass "libinput keyboard catchall"
[    33.207] (II) Using input driver 'libinput' for 'AT Translated Set 2 keyboard'
[    33.208] (II) systemd-logind: got fd for /dev/input/event2 13:66 fd 27 paused 0
[    33.208] (**) AT Translated Set 2 keyboard: always reports core events
[    33.208] (**) Option "Device" "/dev/input/event2"
[    33.208] (**) Option "_source" "server/udev"
[    33.210] (II) event2  - AT Translated Set 2 keyboard: is tagged by udev as: Keyboard
[    33.210] (II) event2  - AT Translated Set 2 keyboard: device is a keyboard
[    33.210] (II) event2  - AT Translated Set 2 keyboard: device removed
[    33.210] (**) Option "config_info" "udev:/sys/devices/platform/i8042/serio0/input/input2/event2"
[    33.211] (II) XINPUT: Adding extended input device "AT Translated Set 2 keyboard" (type: KEYBOARD, id 10)
[    33.211] (**) Option "xkb_model" "pc105"
[    33.211] (**) Option "xkb_layout" "es"
[    33.212] (II) event2  - AT Translated Set 2 keyboard: is tagged by udev as: Keyboard
[    33.212] (II) event2  - AT Translated Set 2 keyboard: device is a keyboard
[    33.213] (II) config/udev: Adding input device ImExPS/2 Generic Explorer Mouse (/dev/input/event4)
[    33.213] (**) ImExPS/2 Generic Explorer Mouse: Applying InputClass "libinput pointer catchall"
[    33.213] (II) Using input driver 'libinput' for 'ImExPS/2 Generic Explorer Mouse'
[    33.214] (II) systemd-logind: got fd for /dev/input/event4 13:68 fd 28 paused 0
[    33.214] (**) ImExPS/2 Generic Explorer Mouse: always reports core events
[    33.214] (**) Option "Device" "/dev/input/event4"
[    33.214] (**) Option "_source" "server/udev"
[    33.216] (II) event4  - ImExPS/2 Generic Explorer Mouse: is tagged by udev as: Mouse
[    33.216] (II) event4  - ImExPS/2 Generic Explorer Mouse: device is a pointer
[    33.216] (II) event4  - ImExPS/2 Generic Explorer Mouse: device removed
[    33.216] (**) Option "config_info" "udev:/sys/devices/platform/i8042/serio1/input/input4/event4"
[    33.216] (II) XINPUT: Adding extended input device "ImExPS/2 Generic Explorer Mouse" (type: MOUSE, id 11)
[    33.217] (**) Option "AccelerationScheme" "none"
[    33.217] (**) ImExPS/2 Generic Explorer Mouse: (accel) selected scheme none/0
[    33.217] (**) ImExPS/2 Generic Explorer Mouse: (accel) acceleration factor: 2.000
[    33.217] (**) ImExPS/2 Generic Explorer Mouse: (accel) acceleration threshold: 4
[    33.218] (II) event4  - ImExPS/2 Generic Explorer Mouse: is tagged by udev as: Mouse
[    33.218] (II) event4  - ImExPS/2 Generic Explorer Mouse: device is a pointer
[    33.219] (II) config/udev: Adding input device ImExPS/2 Generic Explorer Mouse (/dev/input/mouse0)
[    33.219] (II) No input driver specified, ignoring this device.
[    33.219] (II) This device may have been added with another device file.
[    74.420] (EE) No surface to present from.
[    74.434] (EE) No surface to present from.
[    80.800] (EE) No surface to present from.
[    80.808] (EE) No surface to present from.
[    87.224] (EE) No surface to present from.
[    87.231] (EE) No surface to present from.
[    95.158] (EE) No surface to present from.
[    95.165] (EE) No surface to present from.
[   103.814] (EE) No surface to present from.
[   103.823] (EE) No surface to present from.
