Validating found git in: git
Using git 2.25.1 from git
> git rev-parse --git-dir
Open repository: /opt/odoo
> git status -z -u
> git show --textconv :README.md
> git ls-files --stage -- /opt/odoo/README.md
> git cat-file -s 31dfaa01526306c8b454fa818337e3aa8001129b
> git symbolic-ref --short HEAD
> git for-each-ref --format=%(refname)%00%(upstream:short)%00%(objectname)%00%(upstream:track) refs/heads/Pallango refs/remotes/Pallango
> git for-each-ref --sort -committerdate --format %(refname) %(objectname) %(*objectname)
> git remote --verbose
> git check-ignore -v -z --stdin
> git config --get commit.template
> git status -z -u
> git symbolic-ref --short HEAD
> git for-each-ref --format=%(refname)%00%(upstream:short)%00%(objectname)%00%(upstream:track) refs/heads/Pallango refs/remotes/Pallango
> git for-each-ref --sort -committerdate --format %(refname) %(objectname) %(*objectname)
> git remote --verbose
> git config --get commit.template
