La validación encontró Git en: git
Usando GIT 2.25.1 desde git
> git rev-parse --git-dir
Open repository: /opt/odoo
> git status -z -u
> git show --textconv :README.md
> git ls-files --stage -- /opt/odoo/README.md
> git cat-file -s eed3c10747906be840df7d7afe31ff8e76cf8365
> git check-ignore -v -z --stdin
> git symbolic-ref --short HEAD
> git for-each-ref --format=%(refname)%00%(upstream:short)%00%(objectname)%00%(upstream:track) refs/heads/Pallango refs/remotes/Pallango
> git for-each-ref --sort -committerdate --format %(refname) %(objectname) %(*objectname)
> git remote --verbose
> git config --get commit.template
> git status -z -u
> git ls-files --stage -- /opt/odoo/README.md
> git cat-file -s eed3c10747906be840df7d7afe31ff8e76cf8365
> git show --textconv :README.md
> git symbolic-ref --short HEAD
> git for-each-ref --format=%(refname)%00%(upstream:short)%00%(objectname)%00%(upstream:track) refs/heads/Pallango refs/remotes/Pallango
> git for-each-ref --sort -committerdate --format %(refname) %(objectname) %(*objectname)
> git remote --verbose
> git config --get commit.template
> git status -z -u
> git symbolic-ref --short HEAD
> git for-each-ref --format=%(refname)%00%(upstream:short)%00%(objectname)%00%(upstream:track) refs/heads/Pallango refs/remotes/Pallango
> git for-each-ref --sort -committerdate --format %(refname) %(objectname) %(*objectname)
> git remote --verbose
> git config --get commit.template
